<?xml version="1.0" encoding="UTF-8"?>
<testng-results skipped="12" failed="0" total="12" passed="0">
  <reporter-output>
  </reporter-output>
  <suite name="Default suite" duration-ms="5294" started-at="2015-12-02T08:06:58Z" finished-at="2015-12-02T08:07:04Z">
    <groups>
    </groups>
    <test name="Default test" duration-ms="5294" started-at="2015-12-02T08:06:58Z" finished-at="2015-12-02T08:07:04Z">
      <class name="com.siebel.mcrmapp.testsuite.GeneralAdministrationTest">
        <test-method status="FAIL" signature="beforeTest()[pri:0, instance:com.siebel.mcrmapp.testsuite.GeneralAdministrationTest@61f5df]" name="beforeTest" is-config="true" duration-ms="0" started-at="2015-12-02T13:36:58Z" finished-at="2015-12-02T13:36:58Z">
          <exception class="org.openqa.selenium.WebDriverException">
            <message>
              <![CDATA[Failed to connect to binary FirefoxBinary(C:\Program Files (x86)\Mozilla Firefox\firefox.exe) on port 7055; process output follows: 
null
Build info: version: '2.48.2', revision: '41bccdd10cf2c0560f637404c2d96164b67d9d67', time: '2015-10-09 13:08:06'
System info: host: 'DUS92VDC2D15008', ip: '10.31.93.82', os.name: 'Windows 7', os.arch: 'x86', os.version: '6.1', java.version: '1.8.0_65'
Driver info: driver.version: FirefoxDriver]]>
            </message>
            <full-stacktrace>
              <![CDATA[org.openqa.selenium.WebDriverException: Failed to connect to binary FirefoxBinary(C:\Program Files (x86)\Mozilla Firefox\firefox.exe) on port 7055; process output follows: 
null
Build info: version: '2.48.2', revision: '41bccdd10cf2c0560f637404c2d96164b67d9d67', time: '2015-10-09 13:08:06'
System info: host: 'DUS92VDC2D15008', ip: '10.31.93.82', os.name: 'Windows 7', os.arch: 'x86', os.version: '6.1', java.version: '1.8.0_65'
Driver info: driver.version: FirefoxDriver
	at org.openqa.selenium.firefox.internal.NewProfileExtensionConnection.start(NewProfileExtensionConnection.java:139)
	at org.openqa.selenium.firefox.FirefoxDriver.startClient(FirefoxDriver.java:271)
	at org.openqa.selenium.remote.RemoteWebDriver.<init>(RemoteWebDriver.java:117)
	at org.openqa.selenium.firefox.FirefoxDriver.<init>(FirefoxDriver.java:216)
	at org.openqa.selenium.firefox.FirefoxDriver.<init>(FirefoxDriver.java:211)
	at org.openqa.selenium.firefox.FirefoxDriver.<init>(FirefoxDriver.java:207)
	at org.openqa.selenium.firefox.FirefoxDriver.<init>(FirefoxDriver.java:120)
	at com.siebel.mcrmapp.test.support.BrowserAndUrlLaunch.launchFirefoxbrowser(BrowserAndUrlLaunch.java:29)
	at com.siebel.mcrmapp.test.support.LaunchBrowserCall.launchBrowserAndUrl(LaunchBrowserCall.java:24)
	at com.siebel.mcrmapp.testsuite.GeneralAdministrationTest.beforeTest(GeneralAdministrationTest.java:138)
	at sun.reflect.NativeMethodAccessorImpl.invoke0(Native Method)
	at sun.reflect.NativeMethodAccessorImpl.invoke(Unknown Source)
	at sun.reflect.DelegatingMethodAccessorImpl.invoke(Unknown Source)
	at java.lang.reflect.Method.invoke(Unknown Source)
	at org.testng.internal.MethodInvocationHelper.invokeMethod(MethodInvocationHelper.java:84)
	at org.testng.internal.Invoker.invokeConfigurationMethod(Invoker.java:564)
	at org.testng.internal.Invoker.invokeConfigurations(Invoker.java:213)
	at org.testng.internal.Invoker.invokeConfigurations(Invoker.java:138)
	at org.testng.TestRunner.beforeRun(TestRunner.java:641)
	at org.testng.TestRunner.run(TestRunner.java:609)
	at org.testng.SuiteRunner.runTest(SuiteRunner.java:348)
	at org.testng.SuiteRunner.runSequentially(SuiteRunner.java:343)
	at org.testng.SuiteRunner.privateRun(SuiteRunner.java:305)
	at org.testng.SuiteRunner.run(SuiteRunner.java:254)
	at org.testng.SuiteRunnerWorker.runSuite(SuiteRunnerWorker.java:52)
	at org.testng.SuiteRunnerWorker.run(SuiteRunnerWorker.java:86)
	at org.testng.TestNG.runSuitesSequentially(TestNG.java:1224)
	at org.testng.TestNG.runSuitesLocally(TestNG.java:1149)
	at org.testng.TestNG.run(TestNG.java:1057)
	at org.testng.remote.RemoteTestNG.run(RemoteTestNG.java:115)
	at org.testng.remote.RemoteTestNG.initAndRun(RemoteTestNG.java:207)
	at org.testng.remote.RemoteTestNG.main(RemoteTestNG.java:178)
Caused by: org.openqa.selenium.WebDriverException: Unable to create temporary file at C:\WINDOWS
Build info: version: '2.48.2', revision: '41bccdd10cf2c0560f637404c2d96164b67d9d67', time: '2015-10-09 13:08:06'
System info: host: 'DUS92VDC2D15008', ip: '10.31.93.82', os.name: 'Windows 7', os.arch: 'x86', os.version: '6.1', java.version: '1.8.0_65'
Driver info: driver.version: FirefoxDriver
	at org.openqa.selenium.io.TemporaryFilesystem.createTempDir(TemporaryFilesystem.java:99)
	at org.openqa.selenium.firefox.FirefoxProfile.layoutOnDisk(FirefoxProfile.java:417)
	at org.openqa.selenium.firefox.internal.NewProfileExtensionConnection.start(NewProfileExtensionConnection.java:95)
	... 31 more
]]>
            </full-stacktrace>
          </exception> <!-- org.openqa.selenium.WebDriverException -->
          <reporter-output>
          </reporter-output>
        </test-method> <!-- beforeTest -->
        <test-method status="SKIP" signature="loginUser()[pri:0, instance:com.siebel.mcrmapp.testsuite.GeneralAdministrationTest@61f5df]" name="loginUser" duration-ms="1" started-at="2015-12-02T13:37:04Z" finished-at="2015-12-02T13:37:04Z">
          <reporter-output>
          </reporter-output>
        </test-method> <!-- loginUser -->
        <test-method status="SKIP" signature="SearchEmployee()[pri:0, instance:com.siebel.mcrmapp.testsuite.GeneralAdministrationTest@61f5df]" name="SearchEmployee" duration-ms="0" started-at="2015-12-02T13:37:04Z" finished-at="2015-12-02T13:37:04Z">
          <reporter-output>
          </reporter-output>
        </test-method> <!-- SearchEmployee -->
        <test-method status="SKIP" signature="takeScreenShotOnFailure(org.testng.ITestResult)[pri:0, instance:com.siebel.mcrmapp.testsuite.GeneralAdministrationTest@61f5df]" name="takeScreenShotOnFailure" is-config="true" duration-ms="0" started-at="2015-12-02T13:37:04Z" finished-at="2015-12-02T13:37:04Z">
          <reporter-output>
          </reporter-output>
        </test-method> <!-- takeScreenShotOnFailure -->
        <test-method status="SKIP" signature="loginTest()[pri:0, instance:com.siebel.mcrmapp.testsuite.GeneralAdministrationTest@61f5df]" name="loginTest" duration-ms="1" started-at="2015-12-02T13:37:04Z" finished-at="2015-12-02T13:37:04Z">
          <reporter-output>
          </reporter-output>
        </test-method> <!-- loginTest -->
        <test-method status="SKIP" signature="takeScreenShotOnFailure(org.testng.ITestResult)[pri:0, instance:com.siebel.mcrmapp.testsuite.GeneralAdministrationTest@61f5df]" name="takeScreenShotOnFailure" is-config="true" duration-ms="0" started-at="2015-12-02T13:37:04Z" finished-at="2015-12-02T13:37:04Z">
          <reporter-output>
          </reporter-output>
        </test-method> <!-- takeScreenShotOnFailure -->
        <test-method status="SKIP" signature="userResponsibilities()[pri:0, instance:com.siebel.mcrmapp.testsuite.GeneralAdministrationTest@61f5df]" name="userResponsibilities" duration-ms="1" started-at="2015-12-02T13:37:04Z" finished-at="2015-12-02T13:37:04Z">
          <reporter-output>
          </reporter-output>
        </test-method> <!-- userResponsibilities -->
        <test-method status="SKIP" signature="takeScreenShotOnFailure(org.testng.ITestResult)[pri:0, instance:com.siebel.mcrmapp.testsuite.GeneralAdministrationTest@61f5df]" name="takeScreenShotOnFailure" is-config="true" duration-ms="0" started-at="2015-12-02T13:37:04Z" finished-at="2015-12-02T13:37:04Z">
          <reporter-output>
          </reporter-output>
        </test-method> <!-- takeScreenShotOnFailure -->
        <test-method status="SKIP" signature="positionPricing()[pri:0, instance:com.siebel.mcrmapp.testsuite.GeneralAdministrationTest@61f5df]" name="positionPricing" duration-ms="0" started-at="2015-12-02T13:37:04Z" finished-at="2015-12-02T13:37:04Z">
          <reporter-output>
          </reporter-output>
        </test-method> <!-- positionPricing -->
        <test-method status="SKIP" signature="takeScreenShotOnFailure(org.testng.ITestResult)[pri:0, instance:com.siebel.mcrmapp.testsuite.GeneralAdministrationTest@61f5df]" name="takeScreenShotOnFailure" is-config="true" duration-ms="0" started-at="2015-12-02T13:37:04Z" finished-at="2015-12-02T13:37:04Z">
          <reporter-output>
          </reporter-output>
        </test-method> <!-- takeScreenShotOnFailure -->
        <test-method status="SKIP" signature="copyDeleteUser()[pri:0, instance:com.siebel.mcrmapp.testsuite.GeneralAdministrationTest@61f5df]" name="copyDeleteUser" duration-ms="1" started-at="2015-12-02T13:37:04Z" finished-at="2015-12-02T13:37:04Z">
          <reporter-output>
          </reporter-output>
        </test-method> <!-- copyDeleteUser -->
        <test-method status="SKIP" signature="takeScreenShotOnFailure(org.testng.ITestResult)[pri:0, instance:com.siebel.mcrmapp.testsuite.GeneralAdministrationTest@61f5df]" name="takeScreenShotOnFailure" is-config="true" duration-ms="0" started-at="2015-12-02T13:37:04Z" finished-at="2015-12-02T13:37:04Z">
          <reporter-output>
          </reporter-output>
        </test-method> <!-- takeScreenShotOnFailure -->
        <test-method status="SKIP" signature="takeScreenShotOnFailure(org.testng.ITestResult)[pri:0, instance:com.siebel.mcrmapp.testsuite.GeneralAdministrationTest@61f5df]" name="takeScreenShotOnFailure" is-config="true" duration-ms="0" started-at="2015-12-02T13:37:04Z" finished-at="2015-12-02T13:37:04Z">
          <reporter-output>
          </reporter-output>
        </test-method> <!-- takeScreenShotOnFailure -->
        <test-method status="SKIP" signature="userAssignResponsibilityMBBasicAcces()[pri:0, instance:com.siebel.mcrmapp.testsuite.GeneralAdministrationTest@61f5df]" name="userAssignResponsibilityMBBasicAcces" duration-ms="0" started-at="2015-12-02T13:37:04Z" finished-at="2015-12-02T13:37:04Z">
          <reporter-output>
          </reporter-output>
        </test-method> <!-- userAssignResponsibilityMBBasicAcces -->
        <test-method status="SKIP" signature="takeScreenShotOnFailure(org.testng.ITestResult)[pri:0, instance:com.siebel.mcrmapp.testsuite.GeneralAdministrationTest@61f5df]" name="takeScreenShotOnFailure" is-config="true" duration-ms="0" started-at="2015-12-02T13:37:04Z" finished-at="2015-12-02T13:37:04Z">
          <reporter-output>
          </reporter-output>
        </test-method> <!-- takeScreenShotOnFailure -->
        <test-method status="SKIP" signature="userAssignResponsibilityAndPosition()[pri:0, instance:com.siebel.mcrmapp.testsuite.GeneralAdministrationTest@61f5df]" name="userAssignResponsibilityAndPosition" duration-ms="0" started-at="2015-12-02T13:37:04Z" finished-at="2015-12-02T13:37:04Z">
          <reporter-output>
          </reporter-output>
        </test-method> <!-- userAssignResponsibilityAndPosition -->
        <test-method status="SKIP" signature="takeScreenShotOnFailure(org.testng.ITestResult)[pri:0, instance:com.siebel.mcrmapp.testsuite.GeneralAdministrationTest@61f5df]" name="takeScreenShotOnFailure" is-config="true" duration-ms="0" started-at="2015-12-02T13:37:04Z" finished-at="2015-12-02T13:37:04Z">
          <reporter-output>
          </reporter-output>
        </test-method> <!-- takeScreenShotOnFailure -->
        <test-method status="SKIP" signature="createUser()[pri:0, instance:com.siebel.mcrmapp.testsuite.GeneralAdministrationTest@61f5df]" name="createUser" duration-ms="0" started-at="2015-12-02T13:37:04Z" finished-at="2015-12-02T13:37:04Z">
          <reporter-output>
          </reporter-output>
        </test-method> <!-- createUser -->
        <test-method status="SKIP" signature="takeScreenShotOnFailure(org.testng.ITestResult)[pri:0, instance:com.siebel.mcrmapp.testsuite.GeneralAdministrationTest@61f5df]" name="takeScreenShotOnFailure" is-config="true" duration-ms="0" started-at="2015-12-02T13:37:04Z" finished-at="2015-12-02T13:37:04Z">
          <reporter-output>
          </reporter-output>
        </test-method> <!-- takeScreenShotOnFailure -->
        <test-method status="SKIP" signature="verifyCustomerList()[pri:0, instance:com.siebel.mcrmapp.testsuite.GeneralAdministrationTest@61f5df]" name="verifyCustomerList" duration-ms="0" started-at="2015-12-02T13:37:04Z" finished-at="2015-12-02T13:37:04Z">
          <reporter-output>
          </reporter-output>
        </test-method> <!-- verifyCustomerList -->
        <test-method status="SKIP" signature="takeScreenShotOnFailure(org.testng.ITestResult)[pri:0, instance:com.siebel.mcrmapp.testsuite.GeneralAdministrationTest@61f5df]" name="takeScreenShotOnFailure" is-config="true" duration-ms="0" started-at="2015-12-02T13:37:04Z" finished-at="2015-12-02T13:37:04Z">
          <reporter-output>
          </reporter-output>
        </test-method> <!-- takeScreenShotOnFailure -->
        <test-method status="SKIP" signature="homePage()[pri:0, instance:com.siebel.mcrmapp.testsuite.GeneralAdministrationTest@61f5df]" name="homePage" duration-ms="0" started-at="2015-12-02T13:37:04Z" finished-at="2015-12-02T13:37:04Z">
          <reporter-output>
          </reporter-output>
        </test-method> <!-- homePage -->
        <test-method status="SKIP" signature="loginUserWithoutResposnibility()[pri:0, instance:com.siebel.mcrmapp.testsuite.GeneralAdministrationTest@61f5df]" name="loginUserWithoutResposnibility" duration-ms="0" started-at="2015-12-02T13:37:04Z" finished-at="2015-12-02T13:37:04Z">
          <reporter-output>
          </reporter-output>
        </test-method> <!-- loginUserWithoutResposnibility -->
        <test-method status="SKIP" signature="takeScreenShotOnFailure(org.testng.ITestResult)[pri:0, instance:com.siebel.mcrmapp.testsuite.GeneralAdministrationTest@61f5df]" name="takeScreenShotOnFailure" is-config="true" duration-ms="0" started-at="2015-12-02T13:37:04Z" finished-at="2015-12-02T13:37:04Z">
          <reporter-output>
          </reporter-output>
        </test-method> <!-- takeScreenShotOnFailure -->
        <test-method status="SKIP" signature="takeScreenShotOnFailure(org.testng.ITestResult)[pri:0, instance:com.siebel.mcrmapp.testsuite.GeneralAdministrationTest@61f5df]" name="takeScreenShotOnFailure" is-config="true" duration-ms="0" started-at="2015-12-02T13:37:04Z" finished-at="2015-12-02T13:37:04Z">
          <reporter-output>
          </reporter-output>
        </test-method> <!-- takeScreenShotOnFailure -->
        <test-method status="SKIP" signature="afterTest()[pri:0, instance:com.siebel.mcrmapp.testsuite.GeneralAdministrationTest@61f5df]" name="afterTest" is-config="true" duration-ms="0" started-at="2015-12-02T13:37:04Z" finished-at="2015-12-02T13:37:04Z">
          <reporter-output>
          </reporter-output>
        </test-method> <!-- afterTest -->
      </class> <!-- com.siebel.mcrmapp.testsuite.GeneralAdministrationTest -->
    </test> <!-- Default test -->
  </suite> <!-- Default suite -->
</testng-results>
