<?xml version="1.0" encoding="UTF-8"?>
<!-- Generated by org.testng.reporters.JUnitXMLReporter -->
<testsuite hostname="DUS92VDC2D15008" name="Default test" tests="12" failures="0" timestamp="2 Dec 2015 08:07:04 GMT" time="5.294" errors="0">
  <testcase name="@BeforeTest beforeTest" time="0.0" classname="com.siebel.mcrmapp.testsuite.GeneralAdministrationTest">
    <failure type="org.openqa.selenium.WebDriverException" message="Failed to connect to binary FirefoxBinary(C:\Program Files (x86)\Mozilla Firefox\firefox.exe) on port 7055; process output follows: 
null
Build info: version: &amp;apos;2.48.2&amp;apos;, revision: &amp;apos;41bccdd10cf2c0560f637404c2d96164b67d9d67&amp;apos;, time: &amp;apos;2015-10-09 13:08:06&amp;apos;
System info: host: &amp;apos;DUS92VDC2D15008&amp;apos;, ip: &amp;apos;10.31.93.82&amp;apos;, os.name: &amp;apos;Windows 7&amp;apos;, os.arch: &amp;apos;x86&amp;apos;, os.version: &amp;apos;6.1&amp;apos;, java.version: &amp;apos;1.8.0_65&amp;apos;
Driver info: driver.version: FirefoxDriver">
      <![CDATA[org.openqa.selenium.WebDriverException: Failed to connect to binary FirefoxBinary(C:\Program Files (x86)\Mozilla Firefox\firefox.exe) on port 7055; process output follows: 
null
Build info: version: '2.48.2', revision: '41bccdd10cf2c0560f637404c2d96164b67d9d67', time: '2015-10-09 13:08:06'
System info: host: 'DUS92VDC2D15008', ip: '10.31.93.82', os.name: 'Windows 7', os.arch: 'x86', os.version: '6.1', java.version: '1.8.0_65'
Driver info: driver.version: FirefoxDriver
	at org.openqa.selenium.firefox.internal.NewProfileExtensionConnection.start(NewProfileExtensionConnection.java:139)
	at org.openqa.selenium.firefox.FirefoxDriver.startClient(FirefoxDriver.java:271)
	at org.openqa.selenium.remote.RemoteWebDriver.<init>(RemoteWebDriver.java:117)
	at org.openqa.selenium.firefox.FirefoxDriver.<init>(FirefoxDriver.java:216)
	at org.openqa.selenium.firefox.FirefoxDriver.<init>(FirefoxDriver.java:211)
	at org.openqa.selenium.firefox.FirefoxDriver.<init>(FirefoxDriver.java:207)
	at org.openqa.selenium.firefox.FirefoxDriver.<init>(FirefoxDriver.java:120)
	at com.siebel.mcrmapp.test.support.BrowserAndUrlLaunch.launchFirefoxbrowser(BrowserAndUrlLaunch.java:29)
	at com.siebel.mcrmapp.test.support.LaunchBrowserCall.launchBrowserAndUrl(LaunchBrowserCall.java:24)
	at com.siebel.mcrmapp.testsuite.GeneralAdministrationTest.beforeTest(GeneralAdministrationTest.java:138)
	at sun.reflect.NativeMethodAccessorImpl.invoke0(Native Method)
	at sun.reflect.NativeMethodAccessorImpl.invoke(Unknown Source)
	at sun.reflect.DelegatingMethodAccessorImpl.invoke(Unknown Source)
	at java.lang.reflect.Method.invoke(Unknown Source)
	at org.testng.internal.MethodInvocationHelper.invokeMethod(MethodInvocationHelper.java:84)
	at org.testng.internal.Invoker.invokeConfigurationMethod(Invoker.java:564)
	at org.testng.internal.Invoker.invokeConfigurations(Invoker.java:213)
	at org.testng.internal.Invoker.invokeConfigurations(Invoker.java:138)
	at org.testng.TestRunner.beforeRun(TestRunner.java:641)
	at org.testng.TestRunner.run(TestRunner.java:609)
	at org.testng.SuiteRunner.runTest(SuiteRunner.java:348)
	at org.testng.SuiteRunner.runSequentially(SuiteRunner.java:343)
	at org.testng.SuiteRunner.privateRun(SuiteRunner.java:305)
	at org.testng.SuiteRunner.run(SuiteRunner.java:254)
	at org.testng.SuiteRunnerWorker.runSuite(SuiteRunnerWorker.java:52)
	at org.testng.SuiteRunnerWorker.run(SuiteRunnerWorker.java:86)
	at org.testng.TestNG.runSuitesSequentially(TestNG.java:1224)
	at org.testng.TestNG.runSuitesLocally(TestNG.java:1149)
	at org.testng.TestNG.run(TestNG.java:1057)
	at org.testng.remote.RemoteTestNG.run(RemoteTestNG.java:115)
	at org.testng.remote.RemoteTestNG.initAndRun(RemoteTestNG.java:207)
	at org.testng.remote.RemoteTestNG.main(RemoteTestNG.java:178)
Caused by: org.openqa.selenium.WebDriverException: Unable to create temporary file at C:\WINDOWS
Build info: version: '2.48.2', revision: '41bccdd10cf2c0560f637404c2d96164b67d9d67', time: '2015-10-09 13:08:06'
System info: host: 'DUS92VDC2D15008', ip: '10.31.93.82', os.name: 'Windows 7', os.arch: 'x86', os.version: '6.1', java.version: '1.8.0_65'
Driver info: driver.version: FirefoxDriver
	at org.openqa.selenium.io.TemporaryFilesystem.createTempDir(TemporaryFilesystem.java:99)
	at org.openqa.selenium.firefox.FirefoxProfile.layoutOnDisk(FirefoxProfile.java:417)
	at org.openqa.selenium.firefox.internal.NewProfileExtensionConnection.start(NewProfileExtensionConnection.java:95)
	... 31 more
]]>
    </failure>
  </testcase> <!-- @BeforeTest beforeTest -->
  <testcase name="@AfterMethod takeScreenShotOnFailure" time="0.0" classname="com.siebel.mcrmapp.testsuite.GeneralAdministrationTest">
    <skipped/>
  </testcase> <!-- @AfterMethod takeScreenShotOnFailure -->
  <testcase name="@AfterMethod takeScreenShotOnFailure" time="0.0" classname="com.siebel.mcrmapp.testsuite.GeneralAdministrationTest">
    <skipped/>
  </testcase> <!-- @AfterMethod takeScreenShotOnFailure -->
  <testcase name="@AfterMethod takeScreenShotOnFailure" time="0.0" classname="com.siebel.mcrmapp.testsuite.GeneralAdministrationTest">
    <skipped/>
  </testcase> <!-- @AfterMethod takeScreenShotOnFailure -->
  <testcase name="@AfterMethod takeScreenShotOnFailure" time="0.0" classname="com.siebel.mcrmapp.testsuite.GeneralAdministrationTest">
    <skipped/>
  </testcase> <!-- @AfterMethod takeScreenShotOnFailure -->
  <testcase name="@AfterMethod takeScreenShotOnFailure" time="0.0" classname="com.siebel.mcrmapp.testsuite.GeneralAdministrationTest">
    <skipped/>
  </testcase> <!-- @AfterMethod takeScreenShotOnFailure -->
  <testcase name="@AfterMethod takeScreenShotOnFailure" time="0.0" classname="com.siebel.mcrmapp.testsuite.GeneralAdministrationTest">
    <skipped/>
  </testcase> <!-- @AfterMethod takeScreenShotOnFailure -->
  <testcase name="@AfterMethod takeScreenShotOnFailure" time="0.0" classname="com.siebel.mcrmapp.testsuite.GeneralAdministrationTest">
    <skipped/>
  </testcase> <!-- @AfterMethod takeScreenShotOnFailure -->
  <testcase name="@AfterMethod takeScreenShotOnFailure" time="0.0" classname="com.siebel.mcrmapp.testsuite.GeneralAdministrationTest">
    <skipped/>
  </testcase> <!-- @AfterMethod takeScreenShotOnFailure -->
  <testcase name="@AfterMethod takeScreenShotOnFailure" time="0.0" classname="com.siebel.mcrmapp.testsuite.GeneralAdministrationTest">
    <skipped/>
  </testcase> <!-- @AfterMethod takeScreenShotOnFailure -->
  <testcase name="@AfterMethod takeScreenShotOnFailure" time="0.0" classname="com.siebel.mcrmapp.testsuite.GeneralAdministrationTest">
    <skipped/>
  </testcase> <!-- @AfterMethod takeScreenShotOnFailure -->
  <testcase name="@AfterMethod takeScreenShotOnFailure" time="0.0" classname="com.siebel.mcrmapp.testsuite.GeneralAdministrationTest">
    <skipped/>
  </testcase> <!-- @AfterMethod takeScreenShotOnFailure -->
  <testcase name="@AfterMethod takeScreenShotOnFailure" time="0.0" classname="com.siebel.mcrmapp.testsuite.GeneralAdministrationTest">
    <skipped/>
  </testcase> <!-- @AfterMethod takeScreenShotOnFailure -->
  <testcase name="@AfterTest afterTest" time="0.0" classname="com.siebel.mcrmapp.testsuite.GeneralAdministrationTest">
    <skipped/>
  </testcase> <!-- @AfterTest afterTest -->
  <testcase name="loginUser" time="0.001" classname="com.siebel.mcrmapp.testsuite.GeneralAdministrationTest">
    <skipped/>
  </testcase> <!-- loginUser -->
  <testcase name="SearchEmployee" time="0.0" classname="com.siebel.mcrmapp.testsuite.GeneralAdministrationTest">
    <skipped/>
  </testcase> <!-- SearchEmployee -->
  <testcase name="loginTest" time="0.001" classname="com.siebel.mcrmapp.testsuite.GeneralAdministrationTest">
    <skipped/>
  </testcase> <!-- loginTest -->
  <testcase name="userResponsibilities" time="0.001" classname="com.siebel.mcrmapp.testsuite.GeneralAdministrationTest">
    <skipped/>
  </testcase> <!-- userResponsibilities -->
  <testcase name="positionPricing" time="0.0" classname="com.siebel.mcrmapp.testsuite.GeneralAdministrationTest">
    <skipped/>
  </testcase> <!-- positionPricing -->
  <testcase name="copyDeleteUser" time="0.001" classname="com.siebel.mcrmapp.testsuite.GeneralAdministrationTest">
    <skipped/>
  </testcase> <!-- copyDeleteUser -->
  <testcase name="userAssignResponsibilityMBBasicAcces" time="0.0" classname="com.siebel.mcrmapp.testsuite.GeneralAdministrationTest">
    <skipped/>
  </testcase> <!-- userAssignResponsibilityMBBasicAcces -->
  <testcase name="userAssignResponsibilityAndPosition" time="0.0" classname="com.siebel.mcrmapp.testsuite.GeneralAdministrationTest">
    <skipped/>
  </testcase> <!-- userAssignResponsibilityAndPosition -->
  <testcase name="createUser" time="0.0" classname="com.siebel.mcrmapp.testsuite.GeneralAdministrationTest">
    <skipped/>
  </testcase> <!-- createUser -->
  <testcase name="verifyCustomerList" time="0.0" classname="com.siebel.mcrmapp.testsuite.GeneralAdministrationTest">
    <skipped/>
  </testcase> <!-- verifyCustomerList -->
  <testcase name="homePage" time="0.0" classname="com.siebel.mcrmapp.testsuite.GeneralAdministrationTest">
    <skipped/>
  </testcase> <!-- homePage -->
  <testcase name="loginUserWithoutResposnibility" time="0.0" classname="com.siebel.mcrmapp.testsuite.GeneralAdministrationTest">
    <skipped/>
  </testcase> <!-- loginUserWithoutResposnibility -->
</testsuite> <!-- Default test -->
